<?xml version="1.0" encoding="UTF-8"?>
<testsuite xmlns:xsi="http://www.w3.org/2001/XMLSchema-instance" xsi:noNamespaceSchemaLocation="https://maven.apache.org/surefire/maven-surefire-plugin/xsd/surefire-test-report.xsd" name="com.blb.AppTest" time="0.012" tests="1" errors="0" skipped="0" failures="0">
  <properties>
    <property name="sun.desktop" value="windows"/>
    <property name="awt.toolkit" value="sun.awt.windows.WToolkit"/>
    <property name="file.encoding.pkg" value="sun.io"/>
    <property name="java.specification.version" value="1.8"/>
    <property name="sun.cpu.isalist" value="amd64"/>
    <property name="sun.jnu.encoding" value="GBK"/>
    <property name="java.class.path" value="C:\study-java-web\20220808_springcloud\comment_api\target\test-classes;C:\study-java-web\20220808_springcloud\comment_api\target\classes;C:\softwore\study\maven\maven-repository\com\baomidou\mybatis-plus-boot-starter\3.0.1\mybatis-plus-boot-starter-3.0.1.jar;C:\softwore\study\maven\maven-repository\com\baomidou\mybatis-plus\3.0.1\mybatis-plus-3.0.1.jar;C:\softwore\study\maven\maven-repository\com\baomidou\mybatis-plus-extension\3.0.1\mybatis-plus-extension-3.0.1.jar;C:\softwore\study\maven\maven-repository\com\baomidou\mybatis-plus-core\3.0.1\mybatis-plus-core-3.0.1.jar;C:\softwore\study\maven\maven-repository\com\baomidou\mybatis-plus-annotation\3.0.1\mybatis-plus-annotation-3.0.1.jar;C:\softwore\study\maven\maven-repository\com\github\jsqlparser\jsqlparser\1.2\jsqlparser-1.2.jar;C:\softwore\study\maven\maven-repository\org\mybatis\mybatis-spring\1.3.2\mybatis-spring-1.3.2.jar;C:\softwore\study\maven\maven-repository\org\mybatis\mybatis\3.4.6\mybatis-3.4.6.jar;C:\softwore\study\maven\maven-repository\com\baomidou\mybatis-plus-generator\3.0.1\mybatis-plus-generator-3.0.1.jar;C:\softwore\study\maven\maven-repository\org\apache\velocity\velocity-engine-core\2.0\velocity-engine-core-2.0.jar;C:\softwore\study\maven\maven-repository\org\apache\commons\commons-lang3\3.10\commons-lang3-3.10.jar;C:\softwore\study\maven\maven-repository\org\freemarker\freemarker\2.3.30\freemarker-2.3.30.jar;C:\softwore\study\maven\maven-repository\org\springframework\boot\spring-boot-autoconfigure\2.3.4.RELEASE\spring-boot-autoconfigure-2.3.4.RELEASE.jar;C:\softwore\study\maven\maven-repository\org\springframework\boot\spring-boot-starter-jdbc\2.3.4.RELEASE\spring-boot-starter-jdbc-2.3.4.RELEASE.jar;C:\softwore\study\maven\maven-repository\com\zaxxer\HikariCP\3.4.5\HikariCP-3.4.5.jar;C:\softwore\study\maven\maven-repository\org\springframework\spring-jdbc\5.2.9.RELEASE\spring-jdbc-5.2.9.RELEASE.jar;C:\softwore\study\maven\maven-repository\org\springframework\spring-tx\5.2.9.RELEASE\spring-tx-5.2.9.RELEASE.jar;C:\softwore\study\maven\maven-repository\org\springframework\boot\spring-boot-configuration-processor\2.3.4.RELEASE\spring-boot-configuration-processor-2.3.4.RELEASE.jar;C:\softwore\study\maven\maven-repository\javax\servlet\javax.servlet-api\4.0.1\javax.servlet-api-4.0.1.jar;C:\softwore\study\maven\maven-repository\io\jsonwebtoken\jjwt\0.9.0\jjwt-0.9.0.jar;C:\softwore\study\maven\maven-repository\com\fasterxml\jackson\core\jackson-databind\2.11.2\jackson-databind-2.11.2.jar;C:\softwore\study\maven\maven-repository\com\fasterxml\jackson\core\jackson-annotations\2.11.2\jackson-annotations-2.11.2.jar;C:\softwore\study\maven\maven-repository\com\fasterxml\jackson\core\jackson-core\2.11.2\jackson-core-2.11.2.jar;C:\softwore\study\maven\maven-repository\joda-time\joda-time\2.9.9\joda-time-2.9.9.jar;C:\softwore\study\maven\maven-repository\org\springframework\boot\spring-boot-starter-test\2.3.4.RELEASE\spring-boot-starter-test-2.3.4.RELEASE.jar;C:\softwore\study\maven\maven-repository\org\springframework\boot\spring-boot-test\2.3.4.RELEASE\spring-boot-test-2.3.4.RELEASE.jar;C:\softwore\study\maven\maven-repository\org\springframework\boot\spring-boot-test-autoconfigure\2.3.4.RELEASE\spring-boot-test-autoconfigure-2.3.4.RELEASE.jar;C:\softwore\study\maven\maven-repository\com\jayway\jsonpath\json-path\2.4.0\json-path-2.4.0.jar;C:\softwore\study\maven\maven-repository\net\minidev\json-smart\2.3\json-smart-2.3.jar;C:\softwore\study\maven\maven-repository\net\minidev\accessors-smart\1.2\accessors-smart-1.2.jar;C:\softwore\study\maven\maven-repository\org\ow2\asm\asm\5.0.4\asm-5.0.4.jar;C:\softwore\study\maven\maven-repository\org\slf4j\slf4j-api\1.7.30\slf4j-api-1.7.30.jar;C:\softwore\study\maven\maven-repository\jakarta\xml\bind\jakarta.xml.bind-api\2.3.3\jakarta.xml.bind-api-2.3.3.jar;C:\softwore\study\maven\maven-repository\jakarta\activation\jakarta.activation-api\1.2.2\jakarta.activation-api-1.2.2.jar;C:\softwore\study\maven\maven-repository\org\assertj\assertj-core\3.16.1\assertj-core-3.16.1.jar;C:\softwore\study\maven\maven-repository\org\hamcrest\hamcrest\2.2\hamcrest-2.2.jar;C:\softwore\study\maven\maven-repository\org\junit\jupiter\junit-jupiter\5.6.2\junit-jupiter-5.6.2.jar;C:\softwore\study\maven\maven-repository\org\junit\jupiter\junit-jupiter-api\5.6.2\junit-jupiter-api-5.6.2.jar;C:\softwore\study\maven\maven-repository\org\opentest4j\opentest4j\1.2.0\opentest4j-1.2.0.jar;C:\softwore\study\maven\maven-repository\org\junit\platform\junit-platform-commons\1.6.2\junit-platform-commons-1.6.2.jar;C:\softwore\study\maven\maven-repository\org\junit\jupiter\junit-jupiter-params\5.6.2\junit-jupiter-params-5.6.2.jar;C:\softwore\study\maven\maven-repository\org\junit\jupiter\junit-jupiter-engine\5.6.2\junit-jupiter-engine-5.6.2.jar;C:\softwore\study\maven\maven-repository\org\junit\vintage\junit-vintage-engine\5.6.2\junit-vintage-engine-5.6.2.jar;C:\softwore\study\maven\maven-repository\org\apiguardian\apiguardian-api\1.1.0\apiguardian-api-1.1.0.jar;C:\softwore\study\maven\maven-repository\org\junit\platform\junit-platform-engine\1.6.2\junit-platform-engine-1.6.2.jar;C:\softwore\study\maven\maven-repository\org\mockito\mockito-core\3.3.3\mockito-core-3.3.3.jar;C:\softwore\study\maven\maven-repository\net\bytebuddy\byte-buddy\1.10.14\byte-buddy-1.10.14.jar;C:\softwore\study\maven\maven-repository\net\bytebuddy\byte-buddy-agent\1.10.14\byte-buddy-agent-1.10.14.jar;C:\softwore\study\maven\maven-repository\org\objenesis\objenesis\2.6\objenesis-2.6.jar;C:\softwore\study\maven\maven-repository\org\mockito\mockito-junit-jupiter\3.3.3\mockito-junit-jupiter-3.3.3.jar;C:\softwore\study\maven\maven-repository\org\skyscreamer\jsonassert\1.5.0\jsonassert-1.5.0.jar;C:\softwore\study\maven\maven-repository\com\vaadin\external\google\android-json\0.0.20131108.vaadin1\android-json-0.0.20131108.vaadin1.jar;C:\softwore\study\maven\maven-repository\org\springframework\spring-core\5.2.9.RELEASE\spring-core-5.2.9.RELEASE.jar;C:\softwore\study\maven\maven-repository\org\springframework\spring-jcl\5.2.9.RELEASE\spring-jcl-5.2.9.RELEASE.jar;C:\softwore\study\maven\maven-repository\org\springframework\spring-test\5.2.9.RELEASE\spring-test-5.2.9.RELEASE.jar;C:\softwore\study\maven\maven-repository\org\xmlunit\xmlunit-core\2.7.0\xmlunit-core-2.7.0.jar;C:\softwore\study\maven\maven-repository\org\springframework\boot\spring-boot-starter-web\2.3.4.RELEASE\spring-boot-starter-web-2.3.4.RELEASE.jar;C:\softwore\study\maven\maven-repository\org\springframework\boot\spring-boot-starter-json\2.3.4.RELEASE\spring-boot-starter-json-2.3.4.RELEASE.jar;C:\softwore\study\maven\maven-repository\com\fasterxml\jackson\datatype\jackson-datatype-jdk8\2.11.2\jackson-datatype-jdk8-2.11.2.jar;C:\softwore\study\maven\maven-repository\com\fasterxml\jackson\datatype\jackson-datatype-jsr310\2.11.2\jackson-datatype-jsr310-2.11.2.jar;C:\softwore\study\maven\maven-repository\com\fasterxml\jackson\module\jackson-module-parameter-names\2.11.2\jackson-module-parameter-names-2.11.2.jar;C:\softwore\study\maven\maven-repository\org\springframework\boot\spring-boot-starter-tomcat\2.3.4.RELEASE\spring-boot-starter-tomcat-2.3.4.RELEASE.jar;C:\softwore\study\maven\maven-repository\org\apache\tomcat\embed\tomcat-embed-core\9.0.38\tomcat-embed-core-9.0.38.jar;C:\softwore\study\maven\maven-repository\org\glassfish\jakarta.el\3.0.3\jakarta.el-3.0.3.jar;C:\softwore\study\maven\maven-repository\org\apache\tomcat\embed\tomcat-embed-websocket\9.0.38\tomcat-embed-websocket-9.0.38.jar;C:\softwore\study\maven\maven-repository\org\springframework\spring-web\5.2.9.RELEASE\spring-web-5.2.9.RELEASE.jar;C:\softwore\study\maven\maven-repository\org\springframework\spring-beans\5.2.9.RELEASE\spring-beans-5.2.9.RELEASE.jar;C:\softwore\study\maven\maven-repository\org\springframework\spring-webmvc\5.2.9.RELEASE\spring-webmvc-5.2.9.RELEASE.jar;C:\softwore\study\maven\maven-repository\org\springframework\spring-aop\5.2.9.RELEASE\spring-aop-5.2.9.RELEASE.jar;C:\softwore\study\maven\maven-repository\org\springframework\spring-context\5.2.9.RELEASE\spring-context-5.2.9.RELEASE.jar;C:\softwore\study\maven\maven-repository\org\springframework\spring-expression\5.2.9.RELEASE\spring-expression-5.2.9.RELEASE.jar;C:\softwore\study\maven\maven-repository\org\springframework\boot\spring-boot-starter\2.3.4.RELEASE\spring-boot-starter-2.3.4.RELEASE.jar;C:\softwore\study\maven\maven-repository\org\springframework\boot\spring-boot\2.3.4.RELEASE\spring-boot-2.3.4.RELEASE.jar;C:\softwore\study\maven\maven-repository\org\springframework\boot\spring-boot-starter-logging\2.3.4.RELEASE\spring-boot-starter-logging-2.3.4.RELEASE.jar;C:\softwore\study\maven\maven-repository\ch\qos\logback\logback-classic\1.2.3\logback-classic-1.2.3.jar;C:\softwore\study\maven\maven-repository\ch\qos\logback\logback-core\1.2.3\logback-core-1.2.3.jar;C:\softwore\study\maven\maven-repository\org\apache\logging\log4j\log4j-to-slf4j\2.13.3\log4j-to-slf4j-2.13.3.jar;C:\softwore\study\maven\maven-repository\org\apache\logging\log4j\log4j-api\2.13.3\log4j-api-2.13.3.jar;C:\softwore\study\maven\maven-repository\org\slf4j\jul-to-slf4j\1.7.30\jul-to-slf4j-1.7.30.jar;C:\softwore\study\maven\maven-repository\jakarta\annotation\jakarta.annotation-api\1.3.5\jakarta.annotation-api-1.3.5.jar;C:\softwore\study\maven\maven-repository\org\yaml\snakeyaml\1.26\snakeyaml-1.26.jar;C:\softwore\study\maven\maven-repository\org\projectlombok\lombok\1.18.12\lombok-1.18.12.jar;C:\softwore\study\maven\maven-repository\org\springframework\cloud\spring-cloud-starter-openfeign\2.2.5.RELEASE\spring-cloud-starter-openfeign-2.2.5.RELEASE.jar;C:\softwore\study\maven\maven-repository\org\springframework\cloud\spring-cloud-starter\2.2.5.RELEASE\spring-cloud-starter-2.2.5.RELEASE.jar;C:\softwore\study\maven\maven-repository\org\springframework\cloud\spring-cloud-context\2.2.5.RELEASE\spring-cloud-context-2.2.5.RELEASE.jar;C:\softwore\study\maven\maven-repository\org\springframework\security\spring-security-rsa\1.0.9.RELEASE\spring-security-rsa-1.0.9.RELEASE.jar;C:\softwore\study\maven\maven-repository\org\bouncycastle\bcpkix-jdk15on\1.64\bcpkix-jdk15on-1.64.jar;C:\softwore\study\maven\maven-repository\org\bouncycastle\bcprov-jdk15on\1.64\bcprov-jdk15on-1.64.jar;C:\softwore\study\maven\maven-repository\org\springframework\cloud\spring-cloud-openfeign-core\2.2.5.RELEASE\spring-cloud-openfeign-core-2.2.5.RELEASE.jar;C:\softwore\study\maven\maven-repository\org\springframework\cloud\spring-cloud-netflix-ribbon\2.2.5.RELEASE\spring-cloud-netflix-ribbon-2.2.5.RELEASE.jar;C:\softwore\study\maven\maven-repository\org\springframework\cloud\spring-cloud-netflix-archaius\2.2.5.RELEASE\spring-cloud-netflix-archaius-2.2.5.RELEASE.jar;C:\softwore\study\maven\maven-repository\org\springframework\boot\spring-boot-starter-aop\2.3.4.RELEASE\spring-boot-starter-aop-2.3.4.RELEASE.jar;C:\softwore\study\maven\maven-repository\org\aspectj\aspectjweaver\1.9.6\aspectjweaver-1.9.6.jar;C:\softwore\study\maven\maven-repository\io\github\openfeign\form\feign-form-spring\3.8.0\feign-form-spring-3.8.0.jar;C:\softwore\study\maven\maven-repository\io\github\openfeign\form\feign-form\3.8.0\feign-form-3.8.0.jar;C:\softwore\study\maven\maven-repository\commons-fileupload\commons-fileupload\1.4\commons-fileupload-1.4.jar;C:\softwore\study\maven\maven-repository\commons-io\commons-io\2.2\commons-io-2.2.jar;C:\softwore\study\maven\maven-repository\org\springframework\cloud\spring-cloud-commons\2.2.5.RELEASE\spring-cloud-commons-2.2.5.RELEASE.jar;C:\softwore\study\maven\maven-repository\org\springframework\security\spring-security-crypto\5.3.4.RELEASE\spring-security-crypto-5.3.4.RELEASE.jar;C:\softwore\study\maven\maven-repository\io\github\openfeign\feign-core\10.10.1\feign-core-10.10.1.jar;C:\softwore\study\maven\maven-repository\io\github\openfeign\feign-slf4j\10.10.1\feign-slf4j-10.10.1.jar;C:\softwore\study\maven\maven-repository\io\github\openfeign\feign-hystrix\10.10.1\feign-hystrix-10.10.1.jar;C:\softwore\study\maven\maven-repository\com\netflix\archaius\archaius-core\0.7.6\archaius-core-0.7.6.jar;C:\softwore\study\maven\maven-repository\com\google\code\findbugs\jsr305\3.0.1\jsr305-3.0.1.jar;C:\softwore\study\maven\maven-repository\commons-configuration\commons-configuration\1.8\commons-configuration-1.8.jar;C:\softwore\study\maven\maven-repository\commons-lang\commons-lang\2.6\commons-lang-2.6.jar;C:\softwore\study\maven\maven-repository\com\google\guava\guava\29.0-jre\guava-29.0-jre.jar;C:\softwore\study\maven\maven-repository\com\google\guava\failureaccess\1.0.1\failureaccess-1.0.1.jar;C:\softwore\study\maven\maven-repository\com\google\guava\listenablefuture\9999.0-empty-to-avoid-conflict-with-guava\listenablefuture-9999.0-empty-to-avoid-conflict-with-guava.jar;C:\softwore\study\maven\maven-repository\org\checkerframework\checker-qual\2.11.1\checker-qual-2.11.1.jar;C:\softwore\study\maven\maven-repository\com\google\errorprone\error_prone_annotations\2.3.4\error_prone_annotations-2.3.4.jar;C:\softwore\study\maven\maven-repository\com\google\j2objc\j2objc-annotations\1.3\j2objc-annotations-1.3.jar;C:\softwore\study\maven\maven-repository\com\netflix\hystrix\hystrix-core\1.5.18\hystrix-core-1.5.18.jar;C:\softwore\study\maven\maven-repository\io\reactivex\rxjava\1.3.8\rxjava-1.3.8.jar;C:\softwore\study\maven\maven-repository\org\hdrhistogram\HdrHistogram\2.1.9\HdrHistogram-2.1.9.jar;C:\softwore\study\maven\maven-repository\junit\junit\4.13\junit-4.13.jar;C:\softwore\study\maven\maven-repository\org\hamcrest\hamcrest-core\2.2\hamcrest-core-2.2.jar;"/>
    <property name="java.vm.vendor" value="Oracle Corporation"/>
    <property name="sun.arch.data.model" value="64"/>
    <property name="user.variant" value=""/>
    <property name="java.vendor.url" value="http://java.oracle.com/"/>
    <property name="user.timezone" value="Asia/Shanghai"/>
    <property name="java.vm.specification.version" value="1.8"/>
    <property name="os.name" value="Windows 10"/>
    <property name="user.country" value="CN"/>
    <property name="sun.java.launcher" value="SUN_STANDARD"/>
    <property name="sun.boot.library.path" value="C:\Program Files\Java\jdk1.8.0_311\jre\bin"/>
    <property name="sun.java.command" value="C:\Users\Charon\AppData\Local\Temp\surefire6171173836410684031\surefirebooter7358180942165854557.jar C:\Users\Charon\AppData\Local\Temp\surefire6171173836410684031 2022-08-11T20-18-17_296-jvmRun1 surefire7804338038886774348tmp surefire_04690690667131616540tmp"/>
    <property name="surefire.test.class.path" value="C:\study-java-web\20220808_springcloud\comment_api\target\test-classes;C:\study-java-web\20220808_springcloud\comment_api\target\classes;C:\softwore\study\maven\maven-repository\com\baomidou\mybatis-plus-boot-starter\3.0.1\mybatis-plus-boot-starter-3.0.1.jar;C:\softwore\study\maven\maven-repository\com\baomidou\mybatis-plus\3.0.1\mybatis-plus-3.0.1.jar;C:\softwore\study\maven\maven-repository\com\baomidou\mybatis-plus-extension\3.0.1\mybatis-plus-extension-3.0.1.jar;C:\softwore\study\maven\maven-repository\com\baomidou\mybatis-plus-core\3.0.1\mybatis-plus-core-3.0.1.jar;C:\softwore\study\maven\maven-repository\com\baomidou\mybatis-plus-annotation\3.0.1\mybatis-plus-annotation-3.0.1.jar;C:\softwore\study\maven\maven-repository\com\github\jsqlparser\jsqlparser\1.2\jsqlparser-1.2.jar;C:\softwore\study\maven\maven-repository\org\mybatis\mybatis-spring\1.3.2\mybatis-spring-1.3.2.jar;C:\softwore\study\maven\maven-repository\org\mybatis\mybatis\3.4.6\mybatis-3.4.6.jar;C:\softwore\study\maven\maven-repository\com\baomidou\mybatis-plus-generator\3.0.1\mybatis-plus-generator-3.0.1.jar;C:\softwore\study\maven\maven-repository\org\apache\velocity\velocity-engine-core\2.0\velocity-engine-core-2.0.jar;C:\softwore\study\maven\maven-repository\org\apache\commons\commons-lang3\3.10\commons-lang3-3.10.jar;C:\softwore\study\maven\maven-repository\org\freemarker\freemarker\2.3.30\freemarker-2.3.30.jar;C:\softwore\study\maven\maven-repository\org\springframework\boot\spring-boot-autoconfigure\2.3.4.RELEASE\spring-boot-autoconfigure-2.3.4.RELEASE.jar;C:\softwore\study\maven\maven-repository\org\springframework\boot\spring-boot-starter-jdbc\2.3.4.RELEASE\spring-boot-starter-jdbc-2.3.4.RELEASE.jar;C:\softwore\study\maven\maven-repository\com\zaxxer\HikariCP\3.4.5\HikariCP-3.4.5.jar;C:\softwore\study\maven\maven-repository\org\springframework\spring-jdbc\5.2.9.RELEASE\spring-jdbc-5.2.9.RELEASE.jar;C:\softwore\study\maven\maven-repository\org\springframework\spring-tx\5.2.9.RELEASE\spring-tx-5.2.9.RELEASE.jar;C:\softwore\study\maven\maven-repository\org\springframework\boot\spring-boot-configuration-processor\2.3.4.RELEASE\spring-boot-configuration-processor-2.3.4.RELEASE.jar;C:\softwore\study\maven\maven-repository\javax\servlet\javax.servlet-api\4.0.1\javax.servlet-api-4.0.1.jar;C:\softwore\study\maven\maven-repository\io\jsonwebtoken\jjwt\0.9.0\jjwt-0.9.0.jar;C:\softwore\study\maven\maven-repository\com\fasterxml\jackson\core\jackson-databind\2.11.2\jackson-databind-2.11.2.jar;C:\softwore\study\maven\maven-repository\com\fasterxml\jackson\core\jackson-annotations\2.11.2\jackson-annotations-2.11.2.jar;C:\softwore\study\maven\maven-repository\com\fasterxml\jackson\core\jackson-core\2.11.2\jackson-core-2.11.2.jar;C:\softwore\study\maven\maven-repository\joda-time\joda-time\2.9.9\joda-time-2.9.9.jar;C:\softwore\study\maven\maven-repository\org\springframework\boot\spring-boot-starter-test\2.3.4.RELEASE\spring-boot-starter-test-2.3.4.RELEASE.jar;C:\softwore\study\maven\maven-repository\org\springframework\boot\spring-boot-test\2.3.4.RELEASE\spring-boot-test-2.3.4.RELEASE.jar;C:\softwore\study\maven\maven-repository\org\springframework\boot\spring-boot-test-autoconfigure\2.3.4.RELEASE\spring-boot-test-autoconfigure-2.3.4.RELEASE.jar;C:\softwore\study\maven\maven-repository\com\jayway\jsonpath\json-path\2.4.0\json-path-2.4.0.jar;C:\softwore\study\maven\maven-repository\net\minidev\json-smart\2.3\json-smart-2.3.jar;C:\softwore\study\maven\maven-repository\net\minidev\accessors-smart\1.2\accessors-smart-1.2.jar;C:\softwore\study\maven\maven-repository\org\ow2\asm\asm\5.0.4\asm-5.0.4.jar;C:\softwore\study\maven\maven-repository\org\slf4j\slf4j-api\1.7.30\slf4j-api-1.7.30.jar;C:\softwore\study\maven\maven-repository\jakarta\xml\bind\jakarta.xml.bind-api\2.3.3\jakarta.xml.bind-api-2.3.3.jar;C:\softwore\study\maven\maven-repository\jakarta\activation\jakarta.activation-api\1.2.2\jakarta.activation-api-1.2.2.jar;C:\softwore\study\maven\maven-repository\org\assertj\assertj-core\3.16.1\assertj-core-3.16.1.jar;C:\softwore\study\maven\maven-repository\org\hamcrest\hamcrest\2.2\hamcrest-2.2.jar;C:\softwore\study\maven\maven-repository\org\junit\jupiter\junit-jupiter\5.6.2\junit-jupiter-5.6.2.jar;C:\softwore\study\maven\maven-repository\org\junit\jupiter\junit-jupiter-api\5.6.2\junit-jupiter-api-5.6.2.jar;C:\softwore\study\maven\maven-repository\org\opentest4j\opentest4j\1.2.0\opentest4j-1.2.0.jar;C:\softwore\study\maven\maven-repository\org\junit\platform\junit-platform-commons\1.6.2\junit-platform-commons-1.6.2.jar;C:\softwore\study\maven\maven-repository\org\junit\jupiter\junit-jupiter-params\5.6.2\junit-jupiter-params-5.6.2.jar;C:\softwore\study\maven\maven-repository\org\junit\jupiter\junit-jupiter-engine\5.6.2\junit-jupiter-engine-5.6.2.jar;C:\softwore\study\maven\maven-repository\org\junit\vintage\junit-vintage-engine\5.6.2\junit-vintage-engine-5.6.2.jar;C:\softwore\study\maven\maven-repository\org\apiguardian\apiguardian-api\1.1.0\apiguardian-api-1.1.0.jar;C:\softwore\study\maven\maven-repository\org\junit\platform\junit-platform-engine\1.6.2\junit-platform-engine-1.6.2.jar;C:\softwore\study\maven\maven-repository\org\mockito\mockito-core\3.3.3\mockito-core-3.3.3.jar;C:\softwore\study\maven\maven-repository\net\bytebuddy\byte-buddy\1.10.14\byte-buddy-1.10.14.jar;C:\softwore\study\maven\maven-repository\net\bytebuddy\byte-buddy-agent\1.10.14\byte-buddy-agent-1.10.14.jar;C:\softwore\study\maven\maven-repository\org\objenesis\objenesis\2.6\objenesis-2.6.jar;C:\softwore\study\maven\maven-repository\org\mockito\mockito-junit-jupiter\3.3.3\mockito-junit-jupiter-3.3.3.jar;C:\softwore\study\maven\maven-repository\org\skyscreamer\jsonassert\1.5.0\jsonassert-1.5.0.jar;C:\softwore\study\maven\maven-repository\com\vaadin\external\google\android-json\0.0.20131108.vaadin1\android-json-0.0.20131108.vaadin1.jar;C:\softwore\study\maven\maven-repository\org\springframework\spring-core\5.2.9.RELEASE\spring-core-5.2.9.RELEASE.jar;C:\softwore\study\maven\maven-repository\org\springframework\spring-jcl\5.2.9.RELEASE\spring-jcl-5.2.9.RELEASE.jar;C:\softwore\study\maven\maven-repository\org\springframework\spring-test\5.2.9.RELEASE\spring-test-5.2.9.RELEASE.jar;C:\softwore\study\maven\maven-repository\org\xmlunit\xmlunit-core\2.7.0\xmlunit-core-2.7.0.jar;C:\softwore\study\maven\maven-repository\org\springframework\boot\spring-boot-starter-web\2.3.4.RELEASE\spring-boot-starter-web-2.3.4.RELEASE.jar;C:\softwore\study\maven\maven-repository\org\springframework\boot\spring-boot-starter-json\2.3.4.RELEASE\spring-boot-starter-json-2.3.4.RELEASE.jar;C:\softwore\study\maven\maven-repository\com\fasterxml\jackson\datatype\jackson-datatype-jdk8\2.11.2\jackson-datatype-jdk8-2.11.2.jar;C:\softwore\study\maven\maven-repository\com\fasterxml\jackson\datatype\jackson-datatype-jsr310\2.11.2\jackson-datatype-jsr310-2.11.2.jar;C:\softwore\study\maven\maven-repository\com\fasterxml\jackson\module\jackson-module-parameter-names\2.11.2\jackson-module-parameter-names-2.11.2.jar;C:\softwore\study\maven\maven-repository\org\springframework\boot\spring-boot-starter-tomcat\2.3.4.RELEASE\spring-boot-starter-tomcat-2.3.4.RELEASE.jar;C:\softwore\study\maven\maven-repository\org\apache\tomcat\embed\tomcat-embed-core\9.0.38\tomcat-embed-core-9.0.38.jar;C:\softwore\study\maven\maven-repository\org\glassfish\jakarta.el\3.0.3\jakarta.el-3.0.3.jar;C:\softwore\study\maven\maven-repository\org\apache\tomcat\embed\tomcat-embed-websocket\9.0.38\tomcat-embed-websocket-9.0.38.jar;C:\softwore\study\maven\maven-repository\org\springframework\spring-web\5.2.9.RELEASE\spring-web-5.2.9.RELEASE.jar;C:\softwore\study\maven\maven-repository\org\springframework\spring-beans\5.2.9.RELEASE\spring-beans-5.2.9.RELEASE.jar;C:\softwore\study\maven\maven-repository\org\springframework\spring-webmvc\5.2.9.RELEASE\spring-webmvc-5.2.9.RELEASE.jar;C:\softwore\study\maven\maven-repository\org\springframework\spring-aop\5.2.9.RELEASE\spring-aop-5.2.9.RELEASE.jar;C:\softwore\study\maven\maven-repository\org\springframework\spring-context\5.2.9.RELEASE\spring-context-5.2.9.RELEASE.jar;C:\softwore\study\maven\maven-repository\org\springframework\spring-expression\5.2.9.RELEASE\spring-expression-5.2.9.RELEASE.jar;C:\softwore\study\maven\maven-repository\org\springframework\boot\spring-boot-starter\2.3.4.RELEASE\spring-boot-starter-2.3.4.RELEASE.jar;C:\softwore\study\maven\maven-repository\org\springframework\boot\spring-boot\2.3.4.RELEASE\spring-boot-2.3.4.RELEASE.jar;C:\softwore\study\maven\maven-repository\org\springframework\boot\spring-boot-starter-logging\2.3.4.RELEASE\spring-boot-starter-logging-2.3.4.RELEASE.jar;C:\softwore\study\maven\maven-repository\ch\qos\logback\logback-classic\1.2.3\logback-classic-1.2.3.jar;C:\softwore\study\maven\maven-repository\ch\qos\logback\logback-core\1.2.3\logback-core-1.2.3.jar;C:\softwore\study\maven\maven-repository\org\apache\logging\log4j\log4j-to-slf4j\2.13.3\log4j-to-slf4j-2.13.3.jar;C:\softwore\study\maven\maven-repository\org\apache\logging\log4j\log4j-api\2.13.3\log4j-api-2.13.3.jar;C:\softwore\study\maven\maven-repository\org\slf4j\jul-to-slf4j\1.7.30\jul-to-slf4j-1.7.30.jar;C:\softwore\study\maven\maven-repository\jakarta\annotation\jakarta.annotation-api\1.3.5\jakarta.annotation-api-1.3.5.jar;C:\softwore\study\maven\maven-repository\org\yaml\snakeyaml\1.26\snakeyaml-1.26.jar;C:\softwore\study\maven\maven-repository\org\projectlombok\lombok\1.18.12\lombok-1.18.12.jar;C:\softwore\study\maven\maven-repository\org\springframework\cloud\spring-cloud-starter-openfeign\2.2.5.RELEASE\spring-cloud-starter-openfeign-2.2.5.RELEASE.jar;C:\softwore\study\maven\maven-repository\org\springframework\cloud\spring-cloud-starter\2.2.5.RELEASE\spring-cloud-starter-2.2.5.RELEASE.jar;C:\softwore\study\maven\maven-repository\org\springframework\cloud\spring-cloud-context\2.2.5.RELEASE\spring-cloud-context-2.2.5.RELEASE.jar;C:\softwore\study\maven\maven-repository\org\springframework\security\spring-security-rsa\1.0.9.RELEASE\spring-security-rsa-1.0.9.RELEASE.jar;C:\softwore\study\maven\maven-repository\org\bouncycastle\bcpkix-jdk15on\1.64\bcpkix-jdk15on-1.64.jar;C:\softwore\study\maven\maven-repository\org\bouncycastle\bcprov-jdk15on\1.64\bcprov-jdk15on-1.64.jar;C:\softwore\study\maven\maven-repository\org\springframework\cloud\spring-cloud-openfeign-core\2.2.5.RELEASE\spring-cloud-openfeign-core-2.2.5.RELEASE.jar;C:\softwore\study\maven\maven-repository\org\springframework\cloud\spring-cloud-netflix-ribbon\2.2.5.RELEASE\spring-cloud-netflix-ribbon-2.2.5.RELEASE.jar;C:\softwore\study\maven\maven-repository\org\springframework\cloud\spring-cloud-netflix-archaius\2.2.5.RELEASE\spring-cloud-netflix-archaius-2.2.5.RELEASE.jar;C:\softwore\study\maven\maven-repository\org\springframework\boot\spring-boot-starter-aop\2.3.4.RELEASE\spring-boot-starter-aop-2.3.4.RELEASE.jar;C:\softwore\study\maven\maven-repository\org\aspectj\aspectjweaver\1.9.6\aspectjweaver-1.9.6.jar;C:\softwore\study\maven\maven-repository\io\github\openfeign\form\feign-form-spring\3.8.0\feign-form-spring-3.8.0.jar;C:\softwore\study\maven\maven-repository\io\github\openfeign\form\feign-form\3.8.0\feign-form-3.8.0.jar;C:\softwore\study\maven\maven-repository\commons-fileupload\commons-fileupload\1.4\commons-fileupload-1.4.jar;C:\softwore\study\maven\maven-repository\commons-io\commons-io\2.2\commons-io-2.2.jar;C:\softwore\study\maven\maven-repository\org\springframework\cloud\spring-cloud-commons\2.2.5.RELEASE\spring-cloud-commons-2.2.5.RELEASE.jar;C:\softwore\study\maven\maven-repository\org\springframework\security\spring-security-crypto\5.3.4.RELEASE\spring-security-crypto-5.3.4.RELEASE.jar;C:\softwore\study\maven\maven-repository\io\github\openfeign\feign-core\10.10.1\feign-core-10.10.1.jar;C:\softwore\study\maven\maven-repository\io\github\openfeign\feign-slf4j\10.10.1\feign-slf4j-10.10.1.jar;C:\softwore\study\maven\maven-repository\io\github\openfeign\feign-hystrix\10.10.1\feign-hystrix-10.10.1.jar;C:\softwore\study\maven\maven-repository\com\netflix\archaius\archaius-core\0.7.6\archaius-core-0.7.6.jar;C:\softwore\study\maven\maven-repository\com\google\code\findbugs\jsr305\3.0.1\jsr305-3.0.1.jar;C:\softwore\study\maven\maven-repository\commons-configuration\commons-configuration\1.8\commons-configuration-1.8.jar;C:\softwore\study\maven\maven-repository\commons-lang\commons-lang\2.6\commons-lang-2.6.jar;C:\softwore\study\maven\maven-repository\com\google\guava\guava\29.0-jre\guava-29.0-jre.jar;C:\softwore\study\maven\maven-repository\com\google\guava\failureaccess\1.0.1\failureaccess-1.0.1.jar;C:\softwore\study\maven\maven-repository\com\google\guava\listenablefuture\9999.0-empty-to-avoid-conflict-with-guava\listenablefuture-9999.0-empty-to-avoid-conflict-with-guava.jar;C:\softwore\study\maven\maven-repository\org\checkerframework\checker-qual\2.11.1\checker-qual-2.11.1.jar;C:\softwore\study\maven\maven-repository\com\google\errorprone\error_prone_annotations\2.3.4\error_prone_annotations-2.3.4.jar;C:\softwore\study\maven\maven-repository\com\google\j2objc\j2objc-annotations\1.3\j2objc-annotations-1.3.jar;C:\softwore\study\maven\maven-repository\com\netflix\hystrix\hystrix-core\1.5.18\hystrix-core-1.5.18.jar;C:\softwore\study\maven\maven-repository\io\reactivex\rxjava\1.3.8\rxjava-1.3.8.jar;C:\softwore\study\maven\maven-repository\org\hdrhistogram\HdrHistogram\2.1.9\HdrHistogram-2.1.9.jar;C:\softwore\study\maven\maven-repository\junit\junit\4.13\junit-4.13.jar;C:\softwore\study\maven\maven-repository\org\hamcrest\hamcrest-core\2.2\hamcrest-core-2.2.jar;"/>
    <property name="sun.cpu.endian" value="little"/>
    <property name="user.home" value="C:\Users\Charon"/>
    <property name="user.language" value="zh"/>
    <property name="java.specification.vendor" value="Oracle Corporation"/>
    <property name="java.home" value="C:\Program Files\Java\jdk1.8.0_311\jre"/>
    <property name="basedir" value="C:\study-java-web\20220808_springcloud\comment_api"/>
    <property name="file.separator" value="\"/>
    <property name="line.separator" value="&#10;"/>
    <property name="idea.version2019.2.4" value="true"/>
    <property name="java.vm.specification.vendor" value="Oracle Corporation"/>
    <property name="java.specification.name" value="Java Platform API Specification"/>
    <property name="java.awt.graphicsenv" value="sun.awt.Win32GraphicsEnvironment"/>
    <property name="surefire.real.class.path" value="C:\Users\Charon\AppData\Local\Temp\surefire6171173836410684031\surefirebooter7358180942165854557.jar"/>
    <property name="sun.boot.class.path" value="C:\Program Files\Java\jdk1.8.0_311\jre\lib\resources.jar;C:\Program Files\Java\jdk1.8.0_311\jre\lib\rt.jar;C:\Program Files\Java\jdk1.8.0_311\jre\lib\sunrsasign.jar;C:\Program Files\Java\jdk1.8.0_311\jre\lib\jsse.jar;C:\Program Files\Java\jdk1.8.0_311\jre\lib\jce.jar;C:\Program Files\Java\jdk1.8.0_311\jre\lib\charsets.jar;C:\Program Files\Java\jdk1.8.0_311\jre\lib\jfr.jar;C:\Program Files\Java\jdk1.8.0_311\jre\classes"/>
    <property name="user.script" value=""/>
    <property name="sun.management.compiler" value="HotSpot 64-Bit Tiered Compilers"/>
    <property name="java.runtime.version" value="1.8.0_311-b11"/>
    <property name="user.name" value="Charon"/>
    <property name="path.separator" value=";"/>
    <property name="os.version" value="10.0"/>
    <property name="java.endorsed.dirs" value="C:\Program Files\Java\jdk1.8.0_311\jre\lib\endorsed"/>
    <property name="java.runtime.name" value="Java(TM) SE Runtime Environment"/>
    <property name="file.encoding" value="GBK"/>
    <property name="java.vm.name" value="Java HotSpot(TM) 64-Bit Server VM"/>
    <property name="localRepository" value="C:\softwore\study\maven\maven-repository"/>
    <property name="java.vendor.url.bug" value="http://bugreport.sun.com/bugreport/"/>
    <property name="java.io.tmpdir" value="C:\Users\Charon\AppData\Local\Temp\"/>
    <property name="java.version" value="1.8.0_311"/>
    <property name="user.dir" value="C:\study-java-web\20220808_springcloud\comment_api"/>
    <property name="os.arch" value="amd64"/>
    <property name="java.vm.specification.name" value="Java Virtual Machine Specification"/>
    <property name="java.awt.printerjob" value="sun.awt.windows.WPrinterJob"/>
    <property name="sun.os.patch.level" value=""/>
    <property name="java.library.path" value="C:\Program Files\Java\jdk1.8.0_311\jre\bin;C:\WINDOWS\Sun\Java\bin;C:\WINDOWS\system32;C:\WINDOWS;C:\Program Files (x86)\Common Files\Oracle\Java\javapath;C:\Windows\system32;C:\Windows;C:\Windows\System32\Wbem;C:\Windows\System32\WindowsPowerShell\v1.0\;C:\Program Files (x86)\NVIDIA Corporation\PhysX\Common;C:\Program Files\Intel\WiFi\bin\;C:\Program Files\Common Files\Intel\WirelessCommon\;C:\WINDOWS\system32;C:\WINDOWS;C:\WINDOWS\System32\Wbem;C:\WINDOWS\System32\WindowsPowerShell\v1.0\;C:\WINDOWS\System32\OpenSSH\;C:\softwore\local\Bandizip\;C:\softwore\study\Git\cmd;C:\Program Files\Java\jdk1.8.0_311\bin;C:\softwore\study\MySql\bin;C:\softwore\study\maven\apache-maven-3.6.0\bin;C:\softwore\study\VM\;C:\softwore\study\nodejs\;C:\softwore\study\nodejs;;C:\softwore\study\微信web开发者工具\dll;C:\softwore\study\Microsoft VS Code\bin;C:\Users\Charon\AppData\Local\Microsoft\WindowsApps;;C:\softwore\study\IntelliJ IDEA 2019.2.4\bin;;C:\Users\Charon\AppData\Roaming\npm;."/>
    <property name="java.vm.info" value="mixed mode"/>
    <property name="java.vendor" value="Oracle Corporation"/>
    <property name="java.vm.version" value="25.311-b11"/>
    <property name="java.ext.dirs" value="C:\Program Files\Java\jdk1.8.0_311\jre\lib\ext;C:\WINDOWS\Sun\Java\lib\ext"/>
    <property name="sun.io.unicode.encoding" value="UnicodeLittle"/>
    <property name="maven.repo.local" value="C:\softwore\study\maven\maven-repository"/>
    <property name="java.class.version" value="52.0"/>
  </properties>
  <testcase name="shouldAnswerWithTrue" classname="com.blb.AppTest" time="0.003"/>
</testsuite>